\BOOKMARK [1][-]{section*.1}{\376\377\144\130\211\201}{}% 1
\BOOKMARK [1][-]{section.1}{\376\377\230\171\166\356\200\314\146\157}{}% 2
\BOOKMARK [2][-]{subsection.1.1}{\376\377\147\072\126\150\116\272\220\177\226\234\116\016\133\374\202\052\227\000\154\102}{section.1}% 3
\BOOKMARK [2][-]{subsection.1.2}{\376\377\150\070\137\303\142\200\147\057\143\021\142\030}{section.1}% 4
\BOOKMARK [1][-]{section.2}{\376\377\142\200\147\057\145\271\150\110}{}% 5
\BOOKMARK [2][-]{subsection.2.1}{\376\377\150\070\137\303\122\033\145\260\160\271\116\000\377\032\116\073\122\250\150\007\213\260\121\111\156\220\166\204\000"\121\111\214\061\123\071\221\115\000+\172\204\136\046\214\003\122\066\000"\123\314\117\030\123\026}{section.2}% 6
\BOOKMARK [3][-]{subsubsection.2.1.1}{\376\377\154\342\225\177\174\276\121\306\123\071\221\115}{subsection.2.1}% 7
\BOOKMARK [3][-]{subsubsection.2.1.2}{\376\377\172\204\136\046\136\046\220\032\156\344\121\111\162\107\213\276\213\241}{subsection.2.1}% 8
\BOOKMARK [3][-]{subsubsection.2.1.3}{\376\377\232\330\230\221\201\011\121\262\214\003\122\066\116\016\170\154\116\366\124\014\153\145}{subsection.2.1}% 9
\BOOKMARK [2][-]{subsection.2.2}{\376\377\150\070\137\303\122\033\145\260\160\271\116\214\377\032\116\073\122\250\150\007\213\260\226\065\122\027\166\204\000"\121\306\166\364\000/\142\151\147\137\123\357\143\247\000+\116\232\153\353\174\163\121\111\145\221\127\107\123\000\140\047\000"\213\276\213\241}{section.2}% 10
\BOOKMARK [3][-]{subsubsection.2.2.1}{\376\377\137\256\121\111\133\146\145\164\137\142\126\150\166\204\133\232\122\066\226\306\142\020}{subsection.2.2}% 11
\BOOKMARK [3][-]{subsubsection.2.2.2}{\376\377\177\026\170\001\137\017\150\007\213\260\226\065\122\027\213\276\213\241}{subsection.2.2}% 12
\BOOKMARK [3][-]{subsubsection.2.2.3}{\376\377\131\032\146\335\121\111\207\215\124\010\142\200\147\057}{subsection.2.2}% 13
\BOOKMARK [2][-]{subsection.2.3}{\376\377\150\070\137\303\122\033\145\260\160\271\116\011\377\032\123\125\166\356\166\370\147\072\166\204\000"\217\321\176\242\131\026\130\236\137\072\000+\116\232\120\317\175\040\176\247\121\111\165\065\213\373\121\372\000"\220\002\221\115}{section.2}% 14
\BOOKMARK [3][-]{subsubsection.2.3.1}{\376\377\217\321\176\242\131\026\130\236\137\072\127\213\000C\000M\000O\000S\117\040\141\037\126\150\220\011\127\213\000/\145\071\220\040}{subsection.2.3}% 15
\BOOKMARK [3][-]{subsubsection.2.3.2}{\376\377\116\232\120\317\175\040\176\247\121\111\165\065\213\373\121\372\173\227\154\325\166\204\170\154\116\366\122\240\220\037}{subsection.2.3}% 16
\BOOKMARK [3][-]{subsubsection.2.3.3}{\376\377\0001\0006\000b\000i\000t\176\277\140\047\152\041\137\017\213\373\121\372}{subsection.2.3}% 17
\BOOKMARK [1][-]{section.3}{\376\377\174\373\176\337\213\276\213\241}{}% 18
\BOOKMARK [2][-]{subsection.3.1}{\376\377\170\154\116\366\147\266\147\204}{section.3}% 19
\BOOKMARK [2][-]{subsection.3.2}{\376\377\217\157\116\366\147\266\147\204}{section.3}% 20
\BOOKMARK [2][-]{subsection.3.3}{\376\377\174\373\176\337\147\266\147\204\126\376}{section.3}% 21
\BOOKMARK [1][-]{section.4}{\376\377\150\070\137\303\173\227\154\325\133\236\163\260}{}% 22
\BOOKMARK [2][-]{subsection.4.1}{\376\377\121\111\214\061\123\071\221\115\116\016\214\003\122\066\173\227\154\325}{section.4}% 23
\BOOKMARK [2][-]{subsection.4.2}{\376\377\150\007\213\260\150\300\155\113\155\101\172\013}{section.4}% 24
\BOOKMARK [2][-]{subsection.4.3}{\376\377\116\232\120\317\175\040\133\232\117\115\173\227\154\325\377\010\000D\000S\000P\122\240\220\037\162\110\377\011}{section.4}% 25
\BOOKMARK [2][-]{subsection.4.4}{\376\377\116\011\211\322\155\113\215\335\123\237\164\006}{section.4}% 26
\BOOKMARK [1][-]{section.5}{\376\377\133\236\232\214\232\214\213\301}{}% 27
\BOOKMARK [2][-]{subsection.5.1}{\376\377\155\113\215\335\174\276\136\246\232\214\213\301}{section.5}% 28
\BOOKMARK [2][-]{subsection.5.2}{\376\377\163\257\130\203\121\111\142\227\136\162\142\160\155\113\213\325}{section.5}% 29
\BOOKMARK [2][-]{subsection.5.3}{\376\377\121\111\145\221\127\107\123\000\140\047\155\113\213\325}{section.5}% 30
\BOOKMARK [2][-]{subsection.5.4}{\376\377\000D\000S\000P\122\240\220\037\140\047\200\375\232\214\213\301}{section.5}% 31
\BOOKMARK [2][-]{subsection.5.5}{\376\377\135\114\121\145\137\017\140\047\200\375\232\214\213\301}{section.5}% 32
\BOOKMARK [1][-]{section.6}{\376\377\136\224\165\050\127\072\146\157}{}% 33
\BOOKMARK [2][-]{subsection.6.1}{\376\377\133\244\121\205\147\015\122\241\147\072\126\150\116\272\220\177\226\234}{section.6}% 34
\BOOKMARK [2][-]{subsection.6.2}{\376\377\147\072\126\150\116\272\133\232\232\330\116\016\226\062\215\314\204\075}{section.6}% 35
\BOOKMARK [2][-]{subsection.6.3}{\376\377\147\072\126\150\116\272\174\276\170\156\133\371\143\245}{section.6}% 36
\BOOKMARK [1][-]{section.7}{\376\377\142\200\147\057\211\304\150\074\140\073\176\323}{}% 37
\BOOKMARK [1][-]{section.8}{\376\377\140\073\176\323}{}% 38
