\BOOKMARK [1][-]{section.1}{\376\377\116\000\060\001\147\345\145\260\166\356\166\204}{}% 1
\BOOKMARK [1][-]{section.2}{\376\377\116\214\060\001\147\345\145\260\203\003\126\364\116\016\173\126\165\145}{}% 2
\BOOKMARK [2][-]{subsection.2.1}{\376\377\0002\000.\0001\000\040\150\300\175\042\145\160\143\156\136\223}{section.2}% 3
\BOOKMARK [2][-]{subsection.2.2}{\376\377\0002\000.\0002\000\040\150\300\175\042\213\315}{section.2}% 4
\BOOKMARK [2][-]{subsection.2.3}{\376\377\0002\000.\0003\000\040\150\300\175\042\137\017}{section.2}% 5
\BOOKMARK [1][-]{section.3}{\376\377\116\011\060\001\150\300\175\042\176\323\147\234\122\006\147\220}{}% 6
\BOOKMARK [2][-]{subsection.3.1}{\376\377\0003\000.\0001\000\040\116\073\122\250\150\007\213\260\155\113\215\335\142\200\147\057}{section.3}% 7
\BOOKMARK [2][-]{subsection.3.2}{\376\377\0003\000.\0002\000\040\133\306\122\007\166\370\121\163\145\207\163\056\122\006\147\220}{section.3}% 8
\BOOKMARK [1][-]{section.4}{\376\377\126\333\060\001\147\345\145\260\160\271\116\016\122\033\145\260\140\047\170\156\213\244}{}% 9
\BOOKMARK [2][-]{subsection.4.1}{\376\377\0004\000.\0001\000\040\147\345\145\260\160\271\116\000\377\032\116\073\122\250\150\007\213\260\121\111\156\220\166\204\000`\000`\121\111\214\061\123\071\221\115\000+\172\204\136\046\214\003\122\066\000'\000'\123\314\117\030\123\026}{section.4}% 10
\BOOKMARK [2][-]{subsection.4.2}{\376\377\0004\000.\0002\000\040\147\345\145\260\160\271\116\214\377\032\116\073\122\250\150\007\213\260\226\065\122\027\166\204\000`\000`\121\306\166\364\000/\142\151\147\137\123\357\143\247\000+\116\232\153\353\174\163\121\111\145\221\127\107\123\000\140\047\000'\000'\213\276\213\241}{section.4}% 11
\BOOKMARK [2][-]{subsection.4.3}{\376\377\0004\000.\0003\000\040\147\345\145\260\160\271\116\011\377\032\123\125\166\356\166\370\147\072\166\204\000`\000`\217\321\176\242\131\026\130\236\137\072\000+\116\232\120\317\175\040\176\247\121\111\165\065\213\373\121\372\000'\000'\220\002\221\115}{section.4}% 12
\BOOKMARK [2][-]{subsection.4.4}{\376\377\0004\000.\0004\000\040\147\345\145\260\160\271\126\333\377\010\000v\0007\145\260\130\236\377\011\377\032\000O\000t\000s\000u\201\352\220\002\136\224\226\010\120\074\116\214\120\074\123\026\173\227\154\325}{section.4}% 13
\BOOKMARK [2][-]{subsection.4.5}{\376\377\0004\000.\0005\000\040\147\345\145\260\160\271\116\224\377\010\000v\0007\145\260\130\236\377\011\377\032\136\166\147\345\226\306\173\227\154\325\217\336\220\032\127\337\122\006\147\220}{section.4}% 14
\BOOKMARK [2][-]{subsection.4.6}{\376\377\0004\000.\0006\000\040\147\345\145\260\160\271\121\155\377\010\000v\0007\145\260\130\236\377\011\377\032\000A\000R\000M\000\040\000C\000M\000S\000I\000S\000\040\000D\000S\000P\000\040\000S\000I\000M\000D\124\021\221\317\123\026\122\240\220\037}{section.4}% 15
\BOOKMARK [2][-]{subsection.4.7}{\376\377\0004\000.\0007\000\040\147\345\145\260\160\271\116\003\377\010\000v\0007\145\260\130\236\377\011\377\032\116\011\211\322\155\113\215\335\165\170\123\330\150\041\153\143\000+\000F\000l\000a\000s\000h\150\041\121\306\133\130\120\250}{section.4}% 16
\BOOKMARK [1][-]{section.5}{\376\377\116\224\060\001\116\016\163\260\147\011\142\200\147\057\133\371\153\324}{}% 17
\BOOKMARK [2][-]{subsection.5.1}{\376\377\0005\000.\0001\000\040\116\073\155\101\155\113\215\335\142\200\147\057\176\374\124\010\133\371\153\324}{section.5}% 18
\BOOKMARK [2][-]{subsection.5.2}{\376\377\0005\000.\0002\000\040\000v\0006\116\016\000v\0007\140\047\200\375\133\371\153\324}{section.5}% 19
\BOOKMARK [1][-]{section.6}{\376\377\121\155\060\001\147\345\145\260\176\323\213\272}{}% 20
\BOOKMARK [2][-]{subsection.6.1}{\376\377\0006\000.\0001\000\040\142\200\147\057\145\260\230\226\140\047\170\156\213\244}{section.6}% 21
\BOOKMARK [2][-]{subsection.6.2}{\376\377\0006\000.\0002\000\040\136\224\165\050\127\072\146\157\170\156\213\244}{section.6}% 22
\BOOKMARK [2][-]{subsection.6.3}{\376\377\0006\000.\0003\000\040\140\073\117\123\213\304\116\367}{section.6}% 23
\BOOKMARK [1][-]{section.7}{\376\377\116\003\060\001\226\104\116\366}{}% 24
\BOOKMARK [2][-]{subsection.7.1}{\376\377\0007\000.\0001\000\040\150\300\175\042\137\017\213\260\137\125}{section.7}% 25
\BOOKMARK [2][-]{subsection.7.2}{\376\377\0007\000.\0002\000\040\133\306\122\007\166\370\121\163\145\207\163\056\122\027\210\150}{section.7}% 26
